<?xml version="1.0" encoding="UTF-8"?>
<testsuite name="com.verramobility.DiscountCalculatorServiceApplicationTests" tests="2" skipped="0" failures="1" errors="0" timestamp="2024-07-20T09:03:43" hostname="M2P-LAP-955.local" time="0.021">
  <properties/>
  <testcase name="testPrintReceipt()" classname="com.verramobility.DiscountCalculatorServiceApplicationTests" time="0.018">
    <failure message="org.opentest4j.AssertionFailedError: expected: &lt;111.77&gt; but was: &lt;11.77&gt;" type="org.opentest4j.AssertionFailedError">org.opentest4j.AssertionFailedError: expected: &lt;111.77&gt; but was: &lt;11.77&gt;
	at app//org.junit.jupiter.api.AssertionFailureBuilder.build(AssertionFailureBuilder.java:151)
	at app//org.junit.jupiter.api.AssertionFailureBuilder.buildAndThrow(AssertionFailureBuilder.java:132)
	at app//org.junit.jupiter.api.AssertEquals.failNotEqual(AssertEquals.java:197)
	at app//org.junit.jupiter.api.AssertEquals.assertEquals(AssertEquals.java:70)
	at app//org.junit.jupiter.api.AssertEquals.assertEquals(AssertEquals.java:65)
	at app//org.junit.jupiter.api.Assertions.assertEquals(Assertions.java:885)
	at app//com.verramobility.DiscountCalculatorServiceApplicationTests.testPrintReceipt(DiscountCalculatorServiceApplicationTests.java:66)
	at java.base@17.0.11/java.lang.reflect.Method.invoke(Method.java:568)
	at java.base@17.0.11/java.util.ArrayList.forEach(ArrayList.java:1511)
	at java.base@17.0.11/java.util.ArrayList.forEach(ArrayList.java:1511)
</failure>
  </testcase>
  <testcase name="contextLoads()" classname="com.verramobility.DiscountCalculatorServiceApplicationTests" time="0.002"/>
  <system-out><![CDATA[14:33:42.027 [Test worker] INFO org.springframework.test.context.support.AnnotationConfigContextLoaderUtils -- Could not detect default configuration classes for test class [com.verramobility.DiscountCalculatorServiceApplicationTests]: DiscountCalculatorServiceApplicationTests does not declare any static, non-private, non-final, nested classes annotated with @Configuration.
14:33:42.064 [Test worker] INFO org.springframework.boot.test.context.SpringBootTestContextBootstrapper -- Found @SpringBootConfiguration com.verramobility.DiscountCalculatorServiceApplication for test class com.verramobility.DiscountCalculatorServiceApplicationTests

  .   ____          _            __ _ _
 /\\ / ___'_ __ _ _(_)_ __  __ _ \ \ \ \
( ( )\___ | '_ | '_| | '_ \/ _` | \ \ \ \
 \\/  ___)| |_)| | | | | || (_| |  ) ) ) )
  '  |____| .__|_| |_|_| |_\__, | / / / /
 =========|_|==============|___/=/_/_/_/

 :: Spring Boot ::                (v3.3.1)

2024-07-20T14:33:42.192+05:30  INFO 79794 --- [    Test worker] iscountCalculatorServiceApplicationTests : Starting DiscountCalculatorServiceApplicationTests using Java 17.0.11 with PID 79794 (started by bhavithrankumar in /Users/bhavithrankumar/IdeaProjects/discount-calculator)
2024-07-20T14:33:42.192+05:30  INFO 79794 --- [    Test worker] iscountCalculatorServiceApplicationTests : No active profile set, falling back to 1 default profile: "default"
2024-07-20T14:33:42.452+05:30  INFO 79794 --- [    Test worker] .s.d.r.c.RepositoryConfigurationDelegate : Bootstrapping Spring Data JPA repositories in DEFAULT mode.
2024-07-20T14:33:42.483+05:30  INFO 79794 --- [    Test worker] .s.d.r.c.RepositoryConfigurationDelegate : Finished Spring Data repository scanning in 28 ms. Found 1 JPA repository interface.
2024-07-20T14:33:42.585+05:30  WARN 79794 --- [    Test worker] trationDelegate$BeanPostProcessorChecker : Bean 'org.springframework.ws.config.annotation.DelegatingWsConfiguration' of type [org.springframework.ws.config.annotation.DelegatingWsConfiguration$$SpringCGLIB$$0] is not eligible for getting processed by all BeanPostProcessors (for example: not eligible for auto-proxying). The currently created BeanPostProcessor [annotationActionEndpointMapping] is declared through a non-static factory method on that class; consider declaring it as static instead.
2024-07-20T14:33:42.597+05:30  INFO 79794 --- [    Test worker] .w.s.a.s.AnnotationActionEndpointMapping : Supporting [WS-Addressing August 2004, WS-Addressing 1.0]
2024-07-20T14:33:42.666+05:30  INFO 79794 --- [    Test worker] o.hibernate.jpa.internal.util.LogHelper  : HHH000204: Processing PersistenceUnitInfo [name: default]
2024-07-20T14:33:42.696+05:30  INFO 79794 --- [    Test worker] org.hibernate.Version                    : HHH000412: Hibernate ORM core version 6.5.2.Final
2024-07-20T14:33:42.711+05:30  INFO 79794 --- [    Test worker] o.h.c.internal.RegionFactoryInitiator    : HHH000026: Second-level cache disabled
2024-07-20T14:33:42.840+05:30  INFO 79794 --- [    Test worker] o.s.o.j.p.SpringPersistenceUnitInfo      : No LoadTimeWeaver setup: ignoring JPA class transformer
2024-07-20T14:33:42.850+05:30  INFO 79794 --- [    Test worker] com.zaxxer.hikari.HikariDataSource       : HikariPool-1 - Starting...
2024-07-20T14:33:42.936+05:30  INFO 79794 --- [    Test worker] com.zaxxer.hikari.pool.HikariPool        : HikariPool-1 - Added connection org.postgresql.jdbc.PgConnection@531a716c
2024-07-20T14:33:42.936+05:30  INFO 79794 --- [    Test worker] com.zaxxer.hikari.HikariDataSource       : HikariPool-1 - Start completed.
2024-07-20T14:33:43.323+05:30  INFO 79794 --- [    Test worker] o.h.e.t.j.p.i.JtaPlatformInitiator       : HHH000489: No JTA platform available (set 'hibernate.transaction.jta.platform' to enable JTA platform integration)
2024-07-20T14:33:43.379+05:30  INFO 79794 --- [    Test worker] j.LocalContainerEntityManagerFactoryBean : Initialized JPA EntityManagerFactory for persistence unit 'default'
2024-07-20T14:33:43.484+05:30  INFO 79794 --- [    Test worker] o.s.d.j.r.query.QueryEnhancerFactory     : Hibernate is in classpath; If applicable, HQL parser will be used.
2024-07-20T14:33:43.562+05:30  WARN 79794 --- [    Test worker] JpaBaseConfiguration$JpaWebConfiguration : spring.jpa.open-in-view is enabled by default. Therefore, database queries may be performed during view rendering. Explicitly configure spring.jpa.open-in-view to disable this warning
2024-07-20T14:33:43.747+05:30  INFO 79794 --- [    Test worker] iscountCalculatorServiceApplicationTests : Started DiscountCalculatorServiceApplicationTests in 1.638 seconds (process running for 2.105)
]]></system-out>
  <system-err><![CDATA[]]></system-err>
</testsuite>
